# JRE version: Java(TM) SE Runtime Environment (17.0.12+8) (build 17.0.12+8-LTS-286)
# Java VM: Java HotSpot(TM) 64-Bit Server VM (17.0.12+8-LTS-286, mixed mode, sharing, tiered, compressed oops, compressed class ptrs, g1 gc, windows-amd64)
GC Precious Log:
 CPUs: 24 total, 24 available
 Memory: 31861M
 Large Page Support: Disabled
 NUMA Support: Disabled
 Compressed Oops: Enabled (Zero based)
 Heap Region Size: 4M
 Heap Min Capacity: 8M
 Heap Initial Capacity: 500M
 Heap Max Capacity: 7968M
 Pre-touch: Disabled
 Parallel Workers: 18
 Concurrent Workers: 5
 Concurrent Refinement Workers: 18
 Periodic GC: Disabled
Heap:
 garbage-first heap   total 40960K, used 16388K [0x000000060e000000, 0x0000000800000000)
  region size 4096K, 3 young (12288K), 1 survivors (4096K)
 Metaspace       used 33493K, committed 33856K, reserved 1114112K
  class space    used 4493K, committed 4672K, reserved 1048576K
GC Heap History (12 events):
Event: 1.924 GC heap before
{Heap before GC invocations=0 (full 0):
 garbage-first heap   total 512000K, used 24576K [0x000000060e000000, 0x0000000800000000)
  region size 4096K, 6 young (24576K), 0 survivors (0K)
 Metaspace       used 13744K, committed 13952K, reserved 1114112K
  class space    used 1529K, committed 1664K, reserved 1048576K
}
Event: 1.928 GC heap after
{Heap after GC invocations=1 (full 0):
 garbage-first heap   total 512000K, used 5266K [0x000000060e000000, 0x0000000800000000)
  region size 4096K, 1 young (4096K), 1 survivors (4096K)
 Metaspace       used 13744K, committed 13952K, reserved 1114112K
  class space    used 1529K, committed 1664K, reserved 1048576K
}
Event: 2.866 GC heap before
{Heap before GC invocations=1 (full 0):
 garbage-first heap   total 512000K, used 25746K [0x000000060e000000, 0x0000000800000000)
  region size 4096K, 6 young (24576K), 1 survivors (4096K)
 Metaspace       used 17660K, committed 17920K, reserved 1114112K
  class space    used 2034K, committed 2176K, reserved 1048576K
}
Event: 2.869 GC heap after
{Heap after GC invocations=2 (full 0):
 garbage-first heap   total 512000K, used 8071K [0x000000060e000000, 0x0000000800000000)
  region size 4096K, 1 young (4096K), 1 survivors (4096K)
 Metaspace       used 17660K, committed 17920K, reserved 1114112K
  class space    used 2034K, committed 2176K, reserved 1048576K
}
Event: 3.298 GC heap before
{Heap before GC invocations=2 (full 0):
 garbage-first heap   total 512000K, used 16263K [0x000000060e000000, 0x0000000800000000)
  region size 4096K, 4 young (16384K), 1 survivors (4096K)
 Metaspace       used 21151K, committed 21504K, reserved 1114112K
  class space    used 2545K, committed 2688K, reserved 1048576K
}
Event: 3.300 GC heap after
{Heap after GC invocations=3 (full 0):
 garbage-first heap   total 512000K, used 8758K [0x000000060e000000, 0x0000000800000000)
  region size 4096K, 1 young (4096K), 1 survivors (4096K)
 Metaspace       used 21151K, committed 21504K, reserved 1114112K
  class space    used 2545K, committed 2688K, reserved 1048576K
}
Event: 16.734 GC heap before
{Heap before GC invocations=4 (full 0):
 garbage-first heap   total 57344K, used 25142K [0x000000060e000000, 0x0000000800000000)
  region size 4096K, 6 young (24576K), 1 survivors (4096K)
 Metaspace       used 27260K, committed 27584K, reserved 1114112K
  class space    used 3324K, committed 3456K, reserved 1048576K
}
Event: 16.759 GC heap after
{Heap after GC invocations=5 (full 1):
 garbage-first heap   total 40960K, used 10765K [0x000000060e000000, 0x0000000800000000)
  region size 4096K, 0 young (0K), 0 survivors (0K)
 Metaspace       used 27260K, committed 27584K, reserved 1114112K
  class space    used 3324K, committed 3456K, reserved 1048576K
}
Event: 16.895 GC heap before
{Heap before GC invocations=5 (full 1):
 garbage-first heap   total 40960K, used 23053K [0x000000060e000000, 0x0000000800000000)
  region size 4096K, 3 young (12288K), 0 survivors (0K)
 Metaspace       used 27551K, committed 27904K, reserved 1114112K
  class space    used 3376K, committed 3520K, reserved 1048576K
}
Event: 16.896 GC heap after
{Heap after GC invocations=6 (full 1):
 garbage-first heap   total 40960K, used 11741K [0x000000060e000000, 0x0000000800000000)
  region size 4096K, 1 young (4096K), 1 survivors (4096K)
 Metaspace       used 27551K, committed 27904K, reserved 1114112K
  class space    used 3376K, committed 3520K, reserved 1048576K
}
Event: 17.062 GC heap before
{Heap before GC invocations=6 (full 1):
 garbage-first heap   total 40960K, used 19933K [0x000000060e000000, 0x0000000800000000)
  region size 4096K, 4 young (16384K), 1 survivors (4096K)
 Metaspace       used 30460K, committed 30848K, reserved 1114112K
  class space    used 3959K, committed 4160K, reserved 1048576K
}
Event: 17.063 GC heap after
{Heap after GC invocations=7 (full 1):
 garbage-first heap   total 40960K, used 12292K [0x000000060e000000, 0x0000000800000000)
  region size 4096K, 1 young (4096K), 1 survivors (4096K)
 Metaspace       used 30460K, committed 30848K, reserved 1114112K
  class space    used 3959K, committed 4160K, reserved 1048576K
}

